<?xml version="1.0" encoding="UTF-8" ?>
<testsuite errors="0" failures="0" hostname="cometnet-10-21-13-37.utdallas.edu" name="tracer.coverage.junit.JUnit4FaultTracerTestSuite" skipped="0" tests="0" time="0.133" timestamp="2015-03-27T21:32:15">
  <properties>
[...]
</properties>
  <system-out><![CDATA[>>edu.ut.ece.bank.tests.JUnit4Driver
[Failed Test] edu.ut.ece.bank.tests.JUnit4Tests.check1
[Passed Test] edu.ut.ece.bank.tests.JUnit4Tests.check2
[Passed Test] edu.ut.ece.bank.tests.JUnit4Tests.check5
************************************************************
FaultTracer tests run: 3, Failures: 1, Errors: 0
************************************************************
]]></system-out>
  <system-err><![CDATA[]]></system-err>
</testsuite>
