<?xml version="1.0" encoding="UTF-8" ?>
<testsuite errors="0" failures="0" hostname="cometnet-10-21-32-65.utdallas.edu" name="tracer.coverage.junit.JUnit4FaultTracerTestSuite" skipped="0" tests="0" time="0.093" timestamp="2015-03-23T19:11:17">
  <properties>
[...]
</properties>
  <system-out><![CDATA[[Failed Test] edu.ut.ece.bank.tests.BankTests.test1
[Passed Test] edu.ut.ece.bank.tests.BankTests.test2
[Passed Test] edu.ut.ece.bank.tests.BankTests.test3
[Passed Test] edu.ut.ece.bank.tests.BankTests.test4
[Passed Test] edu.ut.ece.bank.tests.BankTests.test5
************************************************************
FaultTracer tests run: 5, Failures: 1, Errors: 0
************************************************************
]]></system-out>
  <system-err><![CDATA[]]></system-err>
</testsuite>
