<?xml version="1.0" encoding="UTF-8" ?>
<testsuite errors="0" failures="1" hostname="lingming-PC" name="pkg1.SampleTestSuite" tests="3" time="0.18" timestamp="2012-06-14T06:48:45">
  <properties>
[...]
</properties>
  <testcase classname="pkg1.Tests" name="test1" time="0.011" />
  <testcase classname="pkg1.Tests" name="test3" time="0.0080">
    <failure message="expected:&lt;3&gt; but was:&lt;4&gt;" type="junit.framework.AssertionFailedError">junit.framework.AssertionFailedError: expected:&lt;3&gt; but was:&lt;4&gt;
	at pkg1.Tests.test3(Tests.java:15)
	at tracer.coverage.junit.JUnitTestDriver.runWithOutTimeout(JUnitTestDriver.java:74)
	at tracer.coverage.junit.JUnitTestDriver.runNormalTests(JUnitTestDriver.java:62)
	at tracer.coverage.junit.JUnitTestDriver.run(JUnitTestDriver.java:42)
	at tracer.coverage.junit.FaultTracerTestSuite.run(FaultTracerTestSuite.java:40)
</failure>
  </testcase>
  <testcase classname="pkg1.Tests" name="test2" time="0.0020" />
  <system-out><![CDATA[]]></system-out>
  <system-err><![CDATA[]]></system-err>
</testsuite>
